0 info it worked if it ends with ok
1 verbose cli [ '/usr/local/bin/node', '/usr/local/bin/npm', 'run', 'test' ]
2 info using npm@3.10.10
3 info using node@v6.11.1
4 verbose run-script [ 'pretest', 'test', 'posttest' ]
5 info lifecycle online_shop@1.0.0~pretest: online_shop@1.0.0
6 silly lifecycle online_shop@1.0.0~pretest: no script for pretest, continuing
7 info lifecycle online_shop@1.0.0~test: online_shop@1.0.0
8 verbose lifecycle online_shop@1.0.0~test: unsafe-perm in lifecycle true
9 verbose lifecycle online_shop@1.0.0~test: PATH: /usr/local/lib/node_modules/npm/bin/node-gyp-bin:/Users/mikeyin/Documents/online_marketplace/online_shop/node_modules/.bin:/usr/local/bin:/usr/bin:/bin:/usr/sbin:/sbin
10 verbose lifecycle online_shop@1.0.0~test: CWD: /Users/mikeyin/Documents/online_marketplace/online_shop
11 silly lifecycle online_shop@1.0.0~test: Args: [ '-c',
11 silly lifecycle   'export NODE_ENV=test &&  node ./node_modules/mocha/bin/mocha' ]
12 silly lifecycle online_shop@1.0.0~test: Returned: code: 1  signal: null
13 info lifecycle online_shop@1.0.0~test: Failed to exec test script
14 verbose stack Error: online_shop@1.0.0 test: `export NODE_ENV=test &&  node ./node_modules/mocha/bin/mocha`
14 verbose stack Exit status 1
14 verbose stack     at EventEmitter.<anonymous> (/usr/local/lib/node_modules/npm/lib/utils/lifecycle.js:255:16)
14 verbose stack     at emitTwo (events.js:106:13)
14 verbose stack     at EventEmitter.emit (events.js:191:7)
14 verbose stack     at ChildProcess.<anonymous> (/usr/local/lib/node_modules/npm/lib/utils/spawn.js:40:14)
14 verbose stack     at emitTwo (events.js:106:13)
14 verbose stack     at ChildProcess.emit (events.js:191:7)
14 verbose stack     at maybeClose (internal/child_process.js:891:16)
14 verbose stack     at Process.ChildProcess._handle.onexit (internal/child_process.js:226:5)
15 verbose pkgid online_shop@1.0.0
16 verbose cwd /Users/mikeyin/Documents/online_marketplace/online_shop
17 error Darwin 17.7.0
18 error argv "/usr/local/bin/node" "/usr/local/bin/npm" "run" "test"
19 error node v6.11.1
20 error npm  v3.10.10
21 error code ELIFECYCLE
22 error online_shop@1.0.0 test: `export NODE_ENV=test &&  node ./node_modules/mocha/bin/mocha`
22 error Exit status 1
23 error Failed at the online_shop@1.0.0 test script 'export NODE_ENV=test &&  node ./node_modules/mocha/bin/mocha'.
23 error Make sure you have the latest version of node.js and npm installed.
23 error If you do, this is most likely a problem with the online_shop package,
23 error not with npm itself.
23 error Tell the author that this fails on your system:
23 error     export NODE_ENV=test &&  node ./node_modules/mocha/bin/mocha
23 error You can get information on how to open an issue for this project with:
23 error     npm bugs online_shop
23 error Or if that isn't available, you can get their info via:
23 error     npm owner ls online_shop
23 error There is likely additional logging output above.
24 verbose exit [ 1, true ]
